<?xml version="1.0" encoding="UTF-8"?>
<!-- Generated by org.testng.reporters.JUnitXMLReporter -->
<testsuite ignored="0" hostname="PF2FLR42" failures="0" tests="3" name="Default test" time="14.533" errors="0" timestamp="2021-04-21T15:44:41 EEST">
  <testcase classname="TestNGTest.DDT_Excel_Login" name="login" time="5.298"/>
  <testcase classname="TestNGTest.DDT_Excel_Login" name="login" time="4.568"/>
  <testcase classname="TestNGTest.DDT_Excel_Login" name="login" time="4.512"/>
</testsuite> <!-- Default test -->
