<?xml version="1.0" encoding="UTF-8"?>
<testng-results ignored="0" total="1" passed="1" failed="0" skipped="0">
  <reporter-output>
  </reporter-output>
  <suite started-at="2021-04-22T15:29:56 EEST" name="Default suite" finished-at="2021-04-22T15:30:01 EEST" duration-ms="5558">
    <groups>
    </groups>
    <test started-at="2021-04-22T15:29:56 EEST" name="Default test" finished-at="2021-04-22T15:30:01 EEST" duration-ms="5558">
      <class name="tests.LoginTest">
        <test-method is-config="true" signature="beforeMethod()[pri:0, instance:tests.LoginTest@65b3f4a4]" started-at="2021-04-22T15:29:56 EEST" name="beforeMethod" finished-at="2021-04-22T15:30:00 EEST" duration-ms="4391" status="PASS">
          <reporter-output>
          </reporter-output>
        </test-method> <!-- beforeMethod -->
        <test-method signature="Login(java.lang.String, java.lang.String)[pri:0, instance:tests.LoginTest@65b3f4a4]" started-at="2021-04-22T15:30:00 EEST" name="Login" data-provider="getData" finished-at="2021-04-22T15:30:01 EEST" duration-ms="1021" status="PASS">
          <params>
            <param index="0">
              <value>
                <![CDATA[administrator@example.com]]>
              </value>
            </param>
            <param index="1">
              <value>
                <![CDATA[password1234]]>
              </value>
            </param>
          </params>
          <reporter-output>
          </reporter-output>
        </test-method> <!-- Login -->
        <test-method is-config="true" signature="afterMethod()[pri:0, instance:tests.LoginTest@65b3f4a4]" started-at="2021-04-22T15:30:01 EEST" name="afterMethod" finished-at="2021-04-22T15:30:01 EEST" duration-ms="0" status="PASS">
          <reporter-output>
          </reporter-output>
        </test-method> <!-- afterMethod -->
      </class> <!-- tests.LoginTest -->
    </test> <!-- Default test -->
  </suite> <!-- Default suite -->
</testng-results>
