<?xml version="1.0" encoding="UTF-8"?>
<testng-results ignored="0" total="1" passed="1" failed="0" skipped="0">
  <reporter-output>
  </reporter-output>
  <suite started-at="2021-04-21T16:59:46 EEST" name="Default suite" finished-at="2021-04-21T16:59:52 EEST" duration-ms="5402">
    <groups>
    </groups>
    <test started-at="2021-04-21T16:59:46 EEST" name="Default test" finished-at="2021-04-21T16:59:52 EEST" duration-ms="5402">
      <class name="tests.LoginTest">
        <test-method is-config="true" signature="beforeMethod()[pri:0, instance:tests.LoginTest@740773a3]" started-at="2021-04-21T16:59:46 EEST" name="beforeMethod" finished-at="2021-04-21T16:59:50 EEST" duration-ms="4134" status="PASS">
          <reporter-output>
          </reporter-output>
        </test-method> <!-- beforeMethod -->
        <test-method signature="Login(java.lang.String, java.lang.String)[pri:0, instance:tests.LoginTest@740773a3]" started-at="2021-04-21T16:59:50 EEST" name="Login" data-provider="getData" finished-at="2021-04-21T16:59:51 EEST" duration-ms="1060" status="PASS">
          <params>
            <param index="0">
              <value>
                <![CDATA[administrator@example.com]]>
              </value>
            </param>
            <param index="1">
              <value>
                <![CDATA[password1234]]>
              </value>
            </param>
          </params>
          <reporter-output>
          </reporter-output>
        </test-method> <!-- Login -->
        <test-method is-config="true" signature="afterMethod()[pri:0, instance:tests.LoginTest@740773a3]" started-at="2021-04-21T16:59:51 EEST" name="afterMethod" finished-at="2021-04-21T16:59:52 EEST" duration-ms="57" status="PASS">
          <reporter-output>
          </reporter-output>
        </test-method> <!-- afterMethod -->
      </class> <!-- tests.LoginTest -->
    </test> <!-- Default test -->
  </suite> <!-- Default suite -->
</testng-results>
